<?xml version="1.0" encoding="UTF-8" ?>
<testsuites>
    <testsuite errors="0" failures="0" hostname="MEX_DIROP_86" id="0" name="CategoryTest" package="com" tests="2"
               time="0.137" timestamp="2012-10-25T02:58:24">
        <properties>
[...]
</properties>

        <testcase classname="com.CategoryTest" name="testSetItemName" time="0.003"/>

        <testcase classname="com.CategoryTest" name="testCategory" time="0.0"/>

        <system-out><![CDATA[]]></system-out>

        <system-err><![CDATA[]]></system-err>

    </testsuite>
    <testsuite errors="0" failures="0" hostname="MEX_DIROP_86" id="1" name="ComparatorsTest" package="com" tests="1"
               time="0.259" timestamp="2012-10-25T02:58:25">
        <properties>
[...]
</properties>

        <testcase classname="com.ComparatorsTest" name="testSort" time="0.08"/>

        <system-out><![CDATA[0
0
]]></system-out>

        <system-err><![CDATA[]]></system-err>

    </testsuite>
    <testsuite errors="0" failures="0" hostname="MEX_DIROP_86" id="2" name="ProductTest" package="com" tests="7"
               time="0.109" timestamp="2012-10-25T02:58:27">
        <properties>
[...]
</properties>

        <testcase classname="com.ProductTest" name="testSetItemName" time="0.003"/>

        <testcase classname="com.ProductTest" name="testSetItemShop" time="0.0"/>

        <testcase classname="com.ProductTest" name="testsetItemQuantity" time="0.0"/>

        <testcase classname="com.ProductTest" name="testSetItemCategory" time="0.0"/>

        <testcase classname="com.ProductTest" name="testItem" time="0.0"/>

        <testcase classname="com.ProductTest" name="testsetItemUnit" time="0.0"/>

        <testcase classname="com.ProductTest" name="testgetItemUnit" time="0.0"/>

        <system-out><![CDATA[]]></system-out>

        <system-err><![CDATA[]]></system-err>

    </testsuite>
    <testsuite errors="0" failures="0" hostname="MEX_DIROP_86" id="3" name="RecordSeekerTest" package="com" tests="5"
               time="0.241" timestamp="2012-10-25T02:58:28">
        <properties>
[...]
</properties>

        <testcase classname="com.RecordSeekerTest" name="testSetStringArray" time="0.014"/>

        <testcase classname="com.RecordSeekerTest" name="testFindProduct" time="0.021"/>

        <testcase classname="com.RecordSeekerTest" name="testFindShop" time="0.006"/>

        <testcase classname="com.RecordSeekerTest" name="testGetUnitsList" time="0.006"/>

        <testcase classname="com.RecordSeekerTest" name="testDeleteProduct" time="0.005"/>

        <system-out><![CDATA[0
0
0
0
0
0
0
0
0
0
]]></system-out>

        <system-err><![CDATA[]]></system-err>

    </testsuite>
    <testsuite errors="0" failures="0" hostname="MEX_DIROP_86" id="4" name="ShopTest" package="com" tests="2"
               time="0.075" timestamp="2012-10-25T02:58:29">
        <properties>
[...]
</properties>

        <testcase classname="com.ShopTest" name="testSetItemName" time="0.001"/>

        <testcase classname="com.ShopTest" name="testShop" time="0.001"/>

        <system-out><![CDATA[]]></system-out>

        <system-err><![CDATA[]]></system-err>

    </testsuite>
    <testsuite errors="0" failures="0" hostname="MEX_DIROP_86" id="5" name="ShoppingListTest" package="com" tests="3"
               time="0.178" timestamp="2012-10-25T02:58:30">
        <properties>
[...]
</properties>

        <testcase classname="com.ShoppingListTest" name="testSetItemName" time="0.002"/>

        <testcase classname="com.ShoppingListTest" name="testSetProductList" time="0.0"/>

        <testcase classname="com.ShoppingListTest" name="testConstructor" time="0.0"/>

        <system-out><![CDATA[]]></system-out>

        <system-err><![CDATA[]]></system-err>

    </testsuite>
    <testsuite errors="0" failures="0" hostname="MEX_DIROP_86" id="6" name="ValidateInputTest" package="com" tests="3"
               time="0.09" timestamp="2012-10-25T02:58:31">
        <properties>
[...]
</properties>

        <testcase classname="com.ValidateInputTest" name="testIsDigits" time="0.02"/>

        <testcase classname="com.ValidateInputTest" name="testIsText" time="0.001"/>

        <testcase classname="com.ValidateInputTest" name="testIsDecimal" time="0.001"/>

        <system-out><![CDATA[]]></system-out>

        <system-err><![CDATA[]]></system-err>

    </testsuite>
    <testsuite errors="0" failures="0" hostname="MEX_DIROP_86" id="7" name="WriteandReadXMLFileTest" package="com"
               tests="1" time="0.553" timestamp="2012-10-25T02:58:32">
        <properties>
[...]
</properties>

        <testcase classname="com.WriteandReadXMLFileTest" name="testWriteXMLAndReadXML" time="0.245"/>

        <system-out><![CDATA[0
0
File saved!
]]></system-out>

        <system-err><![CDATA[]]></system-err>

    </testsuite>
</testsuites>
